<?xml version="1.0" encoding="UTF-8"?>
<!-- Generated by org.testng.reporters.JUnitReportReporter -->
<testsuite skipped="0" hostname="LAPTOP-4B3IBU8V" name="com.vcentry.lab.testCase.CheckOutPageValidator" tests="10" failures="0" timestamp="02 Aug 2022 18:42:48 GMT" time="44.159" errors="0">
  <testcase name="validateCheckoutPage" time="5.056" classname="com.vcentry.lab.testCase.CheckOutPageValidator"/>
  <testcase name="validateCheckoutPage" time="4.265" classname="com.vcentry.lab.testCase.CheckOutPageValidator"/>
  <testcase name="validateCheckoutPage" time="3.303" classname="com.vcentry.lab.testCase.CheckOutPageValidator"/>
  <testcase name="validateCheckoutPage" time="3.669" classname="com.vcentry.lab.testCase.CheckOutPageValidator"/>
  <testcase name="validateCheckoutPage" time="3.500" classname="com.vcentry.lab.testCase.CheckOutPageValidator"/>
  <testcase name="validateCheckoutPage" time="3.025" classname="com.vcentry.lab.testCase.CheckOutPageValidator"/>
  <testcase name="validateCheckoutPage" time="11.657" classname="com.vcentry.lab.testCase.CheckOutPageValidator"/>
  <testcase name="validateCheckoutPage" time="2.895" classname="com.vcentry.lab.testCase.CheckOutPageValidator"/>
  <testcase name="validateCheckoutPage" time="3.302" classname="com.vcentry.lab.testCase.CheckOutPageValidator"/>
  <testcase name="validateCheckoutPage" time="3.487" classname="com.vcentry.lab.testCase.CheckOutPageValidator"/>
</testsuite> <!-- com.vcentry.lab.testCase.CheckOutPageValidator -->
