<?xml version="1.0" encoding="UTF-8"?>
<!-- Generated by org.testng.reporters.JUnitReportReporter -->
<testsuite skipped="0" hostname="LAPTOP-4B3IBU8V" name="com.vcentry.lab.testCase.CheckoutTest" tests="3" failures="0" timestamp="27 Jul 2022 18:36:21 GMT" time="20.316" errors="0">
  <testcase name="validateCheckoutPage" time="6.475" classname="com.vcentry.lab.testCase.CheckoutTest"/>
  <testcase name="validateCheckoutPage" time="7.328" classname="com.vcentry.lab.testCase.CheckoutTest"/>
  <testcase name="validateCheckoutPage" time="6.513" classname="com.vcentry.lab.testCase.CheckoutTest"/>
</testsuite> <!-- com.vcentry.lab.testCase.CheckoutTest -->
